Vivado Simulator 2017.2
Copyright 1986-1999, 2001-2016 Xilinx, Inc. All Rights Reserved.
Running: E:/Vivado/Vivado/2017.2/bin/unwrapped/win64.o/xelab.exe -wto b40e7e50abe94bc487a501151696e062 --debug typical --relax --mt 2 -L xil_defaultlib -L unisims_ver -L unimacro_ver -L secureip --snapshot datapath_test_behav xil_defaultlib.datapath_test xil_defaultlib.glbl -log elaborate.log 
Using 2 slave threads.
Starting static elaboration
Completed static elaboration
Starting simulation data flow analysis
Completed simulation data flow analysis
Time Resolution for simulation is 1ps
Compiling module xil_defaultlib.register_file(Nloc=32,Dbits=32)
Compiling module xil_defaultlib.fulladder
Compiling module xil_defaultlib.adder(N=32)
Compiling module xil_defaultlib.addsub(N=32)
Compiling module xil_defaultlib.comparator
Compiling module xil_defaultlib.shifter(N=32)
Compiling module xil_defaultlib.logical(N=32)
Compiling module xil_defaultlib.ALU(N=32)
Compiling module xil_defaultlib.datapath(Nloc=32,Dbits=32)
Compiling module xil_defaultlib.selfcheck
Compiling module xil_defaultlib.datapath_test
Compiling module xil_defaultlib.glbl
Built simulation snapshot datapath_test_behav
